<?xml version="1.0" encoding="UTF-8"?>
<!-- Generated by org.testng.reporters.JUnitReportReporter -->
<testsuite hostname="LUCKY" failures="0" tests="3" name="Pranavraj.Test.submitorderTest" time="32.216" errors="0" timestamp="2024-07-06T15:06:10 IST" skipped="0">
  <testcase classname="Pranavraj.Test.submitorderTest" name="submitorder" time="11.063"/>
  <testcase classname="Pranavraj.Test.submitorderTest" name="OrderTest" time="11.442"/>
  <testcase classname="Pranavraj.Test.submitorderTest" name="submitorder" time="9.711"/>
</testsuite> <!-- Pranavraj.Test.submitorderTest -->
