<?xml version="1.0" encoding="UTF-8"?>
<!-- Generated by org.testng.reporters.JUnitReportReporter -->
<testsuite hostname="LUCKY" failures="0" tests="3" name="Pranavraj.Test.submitorderTest" time="29.406" errors="0" timestamp="2024-07-06T12:06:05 IST" skipped="0">
  <testcase classname="Pranavraj.Test.submitorderTest" name="submitorder" time="9.485"/>
  <testcase classname="Pranavraj.Test.submitorderTest" name="submitorder" time="11.677"/>
  <testcase classname="Pranavraj.Test.submitorderTest" name="OrderTest" time="8.244"/>
</testsuite> <!-- Pranavraj.Test.submitorderTest -->
