<?xml version="1.0" encoding="UTF-8"?>
<!-- Generated by org.testng.reporters.JUnitReportReporter -->
<testsuite hostname="LUCKY" failures="0" tests="1" name="cucumber.testNGTestRunner" time="9.375" errors="0" timestamp="2024-06-20T11:29:18 IST" skipped="0">
  <testcase classname="cucumber.testNGTestRunner" name="runScenario" time="9.375"/>
</testsuite> <!-- cucumber.testNGTestRunner -->
