<?xml version="1.0" encoding="UTF-8"?>
<!-- Generated by org.testng.reporters.JUnitReportReporter -->
<testsuite hostname="LUCKY" failures="0" tests="1" name="Pranavraj.Test.ErrorValidationinlogiin" time="1.441" errors="0" timestamp="2024-04-27T12:49:29 IST" skipped="0">
  <testcase classname="Pranavraj.Test.ErrorValidationinlogiin" name="errormessage" time="1.441"/>
</testsuite> <!-- Pranavraj.Test.ErrorValidationinlogiin -->
